15-puzzle/build/intermediates/manifest_merge_blame_file/release/manifest-merger-blame-release-report.txt
1<?xml version="1.0" encoding="utf-8"?>
2<manifest xmlns:android="http://schemas.android.com/apk/res/android"
3    package="org.opencv.samples.puzzle15"
4    android:versionCode="301"
5    android:versionName="3.01" >
6
7    <uses-sdk
8        android:minSdkVersion="29"
8-->15-puzzle/gradle/AndroidManifest.xml
9        android:targetSdkVersion="32" />
9-->15-puzzle/gradle/AndroidManifest.xml
10
11    <uses-permission android:name="android.permission.CAMERA" />
11-->15-puzzle/gradle/AndroidManifest.xml:25:5-64
11-->15-puzzle/gradle/AndroidManifest.xml:25:22-62
12
13    <uses-feature
13-->15-puzzle/gradle/AndroidManifest.xml:27:5-84
14        android:name="android.hardware.camera"
14-->15-puzzle/gradle/AndroidManifest.xml:27:19-57
15        android:required="false" />
15-->15-puzzle/gradle/AndroidManifest.xml:27:58-82
16    <uses-feature
16-->15-puzzle/gradle/AndroidManifest.xml:28:5-94
17        android:name="android.hardware.camera.autofocus"
17-->15-puzzle/gradle/AndroidManifest.xml:28:19-67
18        android:required="false" />
18-->15-puzzle/gradle/AndroidManifest.xml:28:68-92
19    <uses-feature
19-->15-puzzle/gradle/AndroidManifest.xml:29:5-90
20        android:name="android.hardware.camera.front"
20-->15-puzzle/gradle/AndroidManifest.xml:29:19-63
21        android:required="false" />
21-->15-puzzle/gradle/AndroidManifest.xml:29:64-88
22    <uses-feature
22-->15-puzzle/gradle/AndroidManifest.xml:30:5-100
23        android:name="android.hardware.camera.front.autofocus"
23-->15-puzzle/gradle/AndroidManifest.xml:30:19-73
24        android:required="false" />
24-->15-puzzle/gradle/AndroidManifest.xml:30:74-98
25
26    <application
26-->15-puzzle/gradle/AndroidManifest.xml:6:5-23:19
27        android:extractNativeLibs="false"
28        android:icon="@drawable/icon"
28-->15-puzzle/gradle/AndroidManifest.xml:7:9-38
29        android:label="@string/app_name" >
29-->15-puzzle/gradle/AndroidManifest.xml:8:9-41
30        <activity
30-->15-puzzle/gradle/AndroidManifest.xml:10:9-22:20
31            android:name="org.opencv.samples.puzzle15.Puzzle15Activity"
31-->15-puzzle/gradle/AndroidManifest.xml:12:13-45
32            android:configChanges="keyboardHidden|orientation"
32-->15-puzzle/gradle/AndroidManifest.xml:15:13-63
33            android:exported="true"
33-->15-puzzle/gradle/AndroidManifest.xml:11:13-36
34            android:label="@string/app_name"
34-->15-puzzle/gradle/AndroidManifest.xml:13:13-45
35            android:screenOrientation="landscape" >
35-->15-puzzle/gradle/AndroidManifest.xml:14:13-50
36            <intent-filter>
36-->15-puzzle/gradle/AndroidManifest.xml:17:13-21:29
37                <action android:name="android.intent.action.MAIN" />
37-->15-puzzle/gradle/AndroidManifest.xml:18:17-69
37-->15-puzzle/gradle/AndroidManifest.xml:18:25-66
38
39                <category android:name="android.intent.category.LAUNCHER" />
39-->15-puzzle/gradle/AndroidManifest.xml:20:17-77
39-->15-puzzle/gradle/AndroidManifest.xml:20:27-74
40            </intent-filter>
41        </activity>
42    </application>
43
44</manifest>